Using pre-set license
Built from '2020.3/release' branch; Version is '2020.3.7f1 (dd97f2c94397) revision 14522354'; Using compiler version '192528614'; Build Type 'Release'
OS: 'Windows 10 Home Single Language; OS build 19042.1288; Version 2009; 64bit' Language: 'es' Physical Memory: 11216 MB
BatchMode: 1, IsHumanControllingUs: 0, StartBugReporterOnCrash: 0, Is64bit: 1, IsPro: 0

 COMMAND LINE ARGUMENTS:
C:\Program Files\Unity\Hub\Editor\2020.3.7f1\Editor\Unity.exe
-adb2
-batchMode
-noUpm
-name
AssetImportWorker0
-projectPath
C:/Users/ASUS/OneDrive/Documentos/GitHub/Data-persistance/Data-Persistence-Starter-Files
-logFile
Logs/AssetImportWorker0.log
-srvPort
65239
Successfully changed project path to: C:/Users/ASUS/OneDrive/Documentos/GitHub/Data-persistance/Data-Persistence-Starter-Files
C:/Users/ASUS/OneDrive/Documentos/GitHub/Data-persistance/Data-Persistence-Starter-Files
Using Asset Import Pipeline V2.
Refreshing native plugins compatible for Editor in 139.47 ms, found 0 plugins.
Preloading 0 native plugins for Editor in 0.00 ms.
Initialize engine version: 2020.3.7f1 (dd97f2c94397)
[Subsystems] Discovering subsystems at path C:/Program Files/Unity/Hub/Editor/2020.3.7f1/Editor/Data/Resources/UnitySubsystems
[Subsystems] Discovering subsystems at path C:/Users/ASUS/OneDrive/Documentos/GitHub/Data-persistance/Data-Persistence-Starter-Files/Assets
GfxDevice: creating device client; threaded=0
Direct3D:
    Version:  Direct3D 11.0 [level 11.1]
    Renderer: AMD Radeon R5 Graphics (ID=0x9874)
    Vendor:   
    VRAM:     5608 MB
    Driver:   27.20.1034.6
Shader 'Universal Render Pipeline/Particles/Lit': fallback shader 'Universal Render Pipeline/Particles/SimpleLit' not found
Initialize mono
Mono path[0] = 'C:/Program Files/Unity/Hub/Editor/2020.3.7f1/Editor/Data/Managed'
Mono path[1] = 'C:/Program Files/Unity/Hub/Editor/2020.3.7f1/Editor/Data/MonoBleedingEdge/lib/mono/unityjit'
Mono config path = 'C:/Program Files/Unity/Hub/Editor/2020.3.7f1/Editor/Data/MonoBleedingEdge/etc'
Using monoOptions --debugger-agent=transport=dt_socket,embedding=1,server=y,suspend=n,address=127.0.0.1:56924
Begin MonoManager ReloadAssembly
Registering precompiled unity dll's ...
Register platform support module: C:/Program Files/Unity/Hub/Editor/2020.3.7f1/Editor/Data/PlaybackEngines/WebGLSupport/UnityEditor.WebGL.Extensions.dll
Register platform support module: C:/Program Files/Unity/Hub/Editor/2020.3.7f1/Editor/Data/PlaybackEngines/MacStandaloneSupport/UnityEditor.OSXStandalone.Extensions.dll
Register platform support module: C:/Program Files/Unity/Hub/Editor/2020.3.7f1/Editor/Data/PlaybackEngines/WindowsStandaloneSupport/UnityEditor.WindowsStandalone.Extensions.dll
Register platform support module: C:/Program Files/Unity/Hub/Editor/2020.3.7f1/Editor/Data/PlaybackEngines/LinuxStandaloneSupport/UnityEditor.LinuxStandalone.Extensions.dll
Register platform support module: C:/Program Files/Unity/Hub/Editor/2020.3.7f1/Editor/Data/PlaybackEngines/LuminSupport/UnityEditor.Lumin.Extensions.dll
Registered in 0.018837 seconds.
Native extension for Lumin target not found
Native extension for LinuxStandalone target not found
Native extension for WindowsStandalone target not found
Native extension for OSXStandalone target not found
Native extension for WebGL target not found
Refreshing native plugins compatible for Editor in 204.36 ms, found 0 plugins.
Preloading 0 native plugins for Editor in 0.00 ms.
Mono: successfully reloaded assembly
- Completed reload, in 12.414 seconds
Platform modules already initialized, skipping
Registering precompiled user dll's ...
Registered in 0.022563 seconds.
Begin MonoManager ReloadAssembly
Native extension for Lumin target not found
Native extension for LinuxStandalone target not found
Native extension for WindowsStandalone target not found
Native extension for OSXStandalone target not found
Native extension for WebGL target not found
Refreshing native plugins compatible for Editor in 136.62 ms, found 0 plugins.
Preloading 0 native plugins for Editor in 0.00 ms.
Mono: successfully reloaded assembly
- Completed reload, in  5.055 seconds
Platform modules already initialized, skipping
========================================================================
Worker process is ready to serve import requests
Shader 'Universal Render Pipeline/Particles/Lit': fallback shader 'Universal Render Pipeline/Particles/SimpleLit' not found
Launched and connected shader compiler UnityShaderCompiler.exe after 0.16 seconds
Refreshing native plugins compatible for Editor in 1.40 ms, found 0 plugins.
Preloading 0 native plugins for Editor in 0.00 ms.
Unloading 2422 Unused Serialized files (Serialized files now loaded: 0)
System memory in use before: 114.5 MB.
System memory in use after: 114.7 MB.

Unloading 10 unused Assets to reduce memory usage. Loaded Objects now: 2863.
Total: 13.819800 ms (FindLiveObjects: 0.865000 ms CreateObjectMapping: 0.399600 ms MarkObjects: 12.204500 ms  DeleteObjects: 0.313200 ms)

========================================================================
Received Import Request.
  path: Assets/Bounce.physicMaterial
  artifactKey: Guid(bc24b7fc41d5dfb4698e2ca16a37dfad) Importer(815301076,1909f56bfc062723c751e8b465ee728b)
Start importing Assets/Bounce.physicMaterial using Guid(bc24b7fc41d5dfb4698e2ca16a37dfad) Importer(815301076,1909f56bfc062723c751e8b465ee728b)  -> (artifact id: 'e011b0fd221a2873da7883cb90621536') in 0.238110 seconds
  Import took 0.253265 seconds .

========================================================================
Received Import Request.
  Time since last request: 1061.313442 seconds.
  path: Assets
  artifactKey: Guid(00000000000000001000000000000000) Importer(815301076,1909f56bfc062723c751e8b465ee728b)
Start importing Assets using Guid(00000000000000001000000000000000) Importer(815301076,1909f56bfc062723c751e8b465ee728b)  -> (artifact id: '5f6a1853b736837ecfb0820a881449cb') in 0.088891 seconds
  Import took 0.101868 seconds .

========================================================================
Received Import Request.
  Time since last request: 17.175845 seconds.
  path: Assets/Physic Materials
  artifactKey: Guid(6f3796423cdd4204fb3e7fe21c6b517e) Importer(815301076,1909f56bfc062723c751e8b465ee728b)
Start importing Assets/Physic Materials using Guid(6f3796423cdd4204fb3e7fe21c6b517e) Importer(815301076,1909f56bfc062723c751e8b465ee728b)  -> (artifact id: '652cd9b61b5e1e389500902f547d8900') in 0.079802 seconds
  Import took 0.089591 seconds .

========================================================================
Received Import Request.
  Time since last request: 8.568180 seconds.
  path: Assets/Materials
  artifactKey: Guid(d0234ba368eeec9418390da711bfdad0) Importer(815301076,1909f56bfc062723c751e8b465ee728b)
Start importing Assets/Materials using Guid(d0234ba368eeec9418390da711bfdad0) Importer(815301076,1909f56bfc062723c751e8b465ee728b)  -> (artifact id: 'a5d3c98fce56d77d0054b519b7760a4b') in 0.057579 seconds
  Import took 0.073375 seconds .

========================================================================
Received Import Request.
  Time since last request: 0.053433 seconds.
  path: Assets/Materials/Brick.mat
  artifactKey: Guid(5ece0b49f1ea03d41b4d2d9863527d99) Importer(815301076,1909f56bfc062723c751e8b465ee728b)
Start importing Assets/Materials/Brick.mat using Guid(5ece0b49f1ea03d41b4d2d9863527d99) Importer(815301076,1909f56bfc062723c751e8b465ee728b)  -> (artifact id: 'eba70bbdfe10b8d5c68573766101952c') in 0.966287 seconds
  Import took 0.980408 seconds .

========================================================================
Received Import Request.
  Time since last request: 0.000476 seconds.
  path: Assets/Materials/DeathZone.mat
  artifactKey: Guid(b171e0a86dd2cfb4d92092061cb1d5f1) Importer(815301076,1909f56bfc062723c751e8b465ee728b)
Start importing Assets/Materials/DeathZone.mat using Guid(b171e0a86dd2cfb4d92092061cb1d5f1) Importer(815301076,1909f56bfc062723c751e8b465ee728b)  -> (artifact id: 'b5883ccdfd7368b02285969441741727') in 0.139883 seconds
  Import took 0.154548 seconds .

========================================================================
Received Import Request.
  Time since last request: 7.525530 seconds.
  path: Assets/Prefabs
  artifactKey: Guid(1718969a30ed8214ba2c14d0c61a34b2) Importer(815301076,1909f56bfc062723c751e8b465ee728b)
Start importing Assets/Prefabs using Guid(1718969a30ed8214ba2c14d0c61a34b2) Importer(815301076,1909f56bfc062723c751e8b465ee728b)  -> (artifact id: 'c9b24eeace361ee664aa65da60f2d873') in 0.049405 seconds
  Import took 0.062660 seconds .

========================================================================
Received Import Request.
  Time since last request: 0.178119 seconds.
  path: Assets/Prefabs/BrickPrefab.prefab
  artifactKey: Guid(63f25b9733d2bcd4fa2ff6de1264c739) Importer(815301076,1909f56bfc062723c751e8b465ee728b)
Start importing Assets/Prefabs/BrickPrefab.prefab using Guid(63f25b9733d2bcd4fa2ff6de1264c739) Importer(815301076,1909f56bfc062723c751e8b465ee728b)  -> (artifact id: 'f53dab379eca8989fd20ba0207039392') in 0.188046 seconds
  Import took 0.208272 seconds .

========================================================================
Received Import Request.
  Time since last request: 7.655297 seconds.
  path: Assets/Scripts
  artifactKey: Guid(02a3527b6b33a924e8ec66aa805ea717) Importer(815301076,1909f56bfc062723c751e8b465ee728b)
Start importing Assets/Scripts using Guid(02a3527b6b33a924e8ec66aa805ea717) Importer(815301076,1909f56bfc062723c751e8b465ee728b)  -> (artifact id: 'b344c0b82b8aa901179a7864745fc067') in 0.180050 seconds
  Import took 0.332501 seconds .

========================================================================
Received Import Request.
  Time since last request: 13.298983 seconds.
  path: Assets/Settings
  artifactKey: Guid(0735c275001a2c84dafdb30deced5d8d) Importer(815301076,1909f56bfc062723c751e8b465ee728b)
Start importing Assets/Settings using Guid(0735c275001a2c84dafdb30deced5d8d) Importer(815301076,1909f56bfc062723c751e8b465ee728b)  -> (artifact id: '049f4eaef8f5b623463e4b2e7dd91f02') in 0.036925 seconds
  Import took 0.049387 seconds .

========================================================================
Received Import Request.
  Time since last request: 0.117808 seconds.
  path: Assets/Settings/ForwardRenderer.asset
  artifactKey: Guid(4a8e21d5c33334b11b34a596161b9360) Importer(815301076,1909f56bfc062723c751e8b465ee728b)
Start importing Assets/Settings/ForwardRenderer.asset using Guid(4a8e21d5c33334b11b34a596161b9360) Importer(815301076,1909f56bfc062723c751e8b465ee728b)  -> (artifact id: '5a410613ed6b514a1584df84a08e1d92') in 0.041550 seconds
  Import took 0.055458 seconds .

========================================================================
Received Import Request.
  Time since last request: 0.000443 seconds.
  path: Assets/Settings/UniversalRP-LowQuality.asset
  artifactKey: Guid(a31e9f9f9c9d4b9429ed0d1234e22103) Importer(815301076,1909f56bfc062723c751e8b465ee728b)
Start importing Assets/Settings/UniversalRP-LowQuality.asset using Guid(a31e9f9f9c9d4b9429ed0d1234e22103) Importer(815301076,1909f56bfc062723c751e8b465ee728b)  -> (artifact id: 'e6136857918cd60fa6701d72691bc8a4') in 0.132291 seconds
  Import took 0.149828 seconds .

========================================================================
Received Import Request.
  Time since last request: 20.899597 seconds.
  path: Assets/Scenes/main.unity
  artifactKey: Guid(78a510c781f19db4da14f78ebb30946a) Importer(815301076,1909f56bfc062723c751e8b465ee728b)
Start importing Assets/Scenes/main.unity using Guid(78a510c781f19db4da14f78ebb30946a) Importer(815301076,1909f56bfc062723c751e8b465ee728b)  -> (artifact id: '307897d572d1294bacce094e45c1f3f0') in 0.046142 seconds
  Import took 0.064979 seconds .

========================================================================
Received Import Request.
  Time since last request: 715.554598 seconds.
  path: Assets/Scripts/Ball.cs
  artifactKey: Guid(9378aa3f6eac646479e54cd5932ffd3f) Importer(815301076,1909f56bfc062723c751e8b465ee728b)
Start importing Assets/Scripts/Ball.cs using Guid(9378aa3f6eac646479e54cd5932ffd3f) Importer(815301076,1909f56bfc062723c751e8b465ee728b)  -> (artifact id: 'e6dcc76571f6de7393d9316af2ce05f4') in 0.090067 seconds
  Import took 0.102004 seconds .

========================================================================
Received Import Request.
  Time since last request: 4.375119 seconds.
  path: Assets/Scripts/Brick.cs
  artifactKey: Guid(4ae693949f13e78488ec36319c04419f) Importer(815301076,1909f56bfc062723c751e8b465ee728b)
Start importing Assets/Scripts/Brick.cs using Guid(4ae693949f13e78488ec36319c04419f) Importer(815301076,1909f56bfc062723c751e8b465ee728b)  -> (artifact id: 'd1d5b0f3cccb444765d0dfb18bc23562') in 0.066684 seconds
  Import took 0.078620 seconds .

========================================================================
Received Import Request.
  Time since last request: 0.009959 seconds.
  path: Assets/Scripts/Brick.cs
  artifactKey: Guid(4ae693949f13e78488ec36319c04419f) Importer(815301076,1909f56bfc062723c751e8b465ee728b)
Start importing Assets/Scripts/Brick.cs using Guid(4ae693949f13e78488ec36319c04419f) Importer(815301076,1909f56bfc062723c751e8b465ee728b)  -> (artifact id: 'd1d5b0f3cccb444765d0dfb18bc23562') in 0.028754 seconds
  Import took 0.079611 seconds .

========================================================================
Received Import Request.
  Time since last request: 7.906119 seconds.
  path: Assets/Scripts/DeathZone.cs
  artifactKey: Guid(ee19acfba77e9084fb4ce7ee7ff9e3d6) Importer(815301076,1909f56bfc062723c751e8b465ee728b)
Start importing Assets/Scripts/DeathZone.cs using Guid(ee19acfba77e9084fb4ce7ee7ff9e3d6) Importer(815301076,1909f56bfc062723c751e8b465ee728b)  -> (artifact id: '74f4ee5a21b3c9ee046618e19a6d4174') in 0.033937 seconds
  Import took 0.053549 seconds .

========================================================================
Received Import Request.
  Time since last request: 3.043580 seconds.
  path: Assets/Scripts/Paddle.cs
  artifactKey: Guid(b1c141baad4ddf14a98c290342342cf6) Importer(815301076,1909f56bfc062723c751e8b465ee728b)
Start importing Assets/Scripts/Paddle.cs using Guid(b1c141baad4ddf14a98c290342342cf6) Importer(815301076,1909f56bfc062723c751e8b465ee728b)  -> (artifact id: '5b144f324e0535b49cc1128092bc5065') in 0.069642 seconds
  Import took 0.084378 seconds .

========================================================================
Received Import Request.
  Time since last request: 0.008677 seconds.
  path: Assets/Scripts/Paddle.cs
  artifactKey: Guid(b1c141baad4ddf14a98c290342342cf6) Importer(815301076,1909f56bfc062723c751e8b465ee728b)
Start importing Assets/Scripts/Paddle.cs using Guid(b1c141baad4ddf14a98c290342342cf6) Importer(815301076,1909f56bfc062723c751e8b465ee728b)  -> (artifact id: '5b144f324e0535b49cc1128092bc5065') in 0.040812 seconds
  Import took 0.060710 seconds .

========================================================================
Received Import Request.
  Time since last request: 4.507901 seconds.
  path: Assets/Scripts/MainManager.cs
  artifactKey: Guid(d110623a642692246a42fbc2d8d89884) Importer(815301076,1909f56bfc062723c751e8b465ee728b)
Start importing Assets/Scripts/MainManager.cs using Guid(d110623a642692246a42fbc2d8d89884) Importer(815301076,1909f56bfc062723c751e8b465ee728b)  -> (artifact id: 'c840ff90a468c841c11efe49801efa9b') in 0.052535 seconds
  Import took 0.073582 seconds .

========================================================================
Received Import Request.
  Time since last request: 0.023789 seconds.
  path: Assets/Scripts/MainManager.cs
  artifactKey: Guid(d110623a642692246a42fbc2d8d89884) Importer(815301076,1909f56bfc062723c751e8b465ee728b)
Start importing Assets/Scripts/MainManager.cs using Guid(d110623a642692246a42fbc2d8d89884) Importer(815301076,1909f56bfc062723c751e8b465ee728b)  -> (artifact id: 'c840ff90a468c841c11efe49801efa9b') in 0.038594 seconds
  Import took 0.054660 seconds .

========================================================================
Received Prepare
Registering precompiled user dll's ...
Registered in 0.008075 seconds.
Begin MonoManager ReloadAssembly
Native extension for Lumin target not found
Native extension for LinuxStandalone target not found
Native extension for WindowsStandalone target not found
Native extension for OSXStandalone target not found
Native extension for WebGL target not found
Refreshing native plugins compatible for Editor in 1.13 ms, found 0 plugins.
Preloading 0 native plugins for Editor in 0.00 ms.
Mono: successfully reloaded assembly
- Completed reload, in  4.927 seconds
Platform modules already initialized, skipping
Shader 'Universal Render Pipeline/Particles/Lit': fallback shader 'Universal Render Pipeline/Particles/SimpleLit' not found
Refreshing native plugins compatible for Editor in 1.05 ms, found 0 plugins.
Preloading 0 native plugins for Editor in 0.00 ms.
Unloading 2315 Unused Serialized files (Serialized files now loaded: 0)
System memory in use before: 113.1 MB.
System memory in use after: 113.3 MB.

Unloading 5 unused Assets to reduce memory usage. Loaded Objects now: 2947.
Total: 92.010700 ms (FindLiveObjects: 1.548200 ms CreateObjectMapping: 0.416400 ms MarkObjects: 89.845900 ms  DeleteObjects: 0.195900 ms)

========================================================================
Received Import Request.
  Time since last request: 199.831034 seconds.
  path: Assets/Scripts/Ball.cs
  artifactKey: Guid(9378aa3f6eac646479e54cd5932ffd3f) Importer(815301076,1909f56bfc062723c751e8b465ee728b)
Start importing Assets/Scripts/Ball.cs using Guid(9378aa3f6eac646479e54cd5932ffd3f) Importer(815301076,1909f56bfc062723c751e8b465ee728b)  -> (artifact id: '57e42125ba778fbe62ecc2121e5887c5') in 0.055241 seconds
  Import took 0.090150 seconds .

========================================================================
Received Import Request.
  Time since last request: 530.180141 seconds.
  path: Assets/Scripts/Ball.cs
  artifactKey: Guid(9378aa3f6eac646479e54cd5932ffd3f) Importer(815301076,1909f56bfc062723c751e8b465ee728b)
Start importing Assets/Scripts/Ball.cs using Guid(9378aa3f6eac646479e54cd5932ffd3f) Importer(815301076,1909f56bfc062723c751e8b465ee728b)  -> (artifact id: '726cd26b1c606ac2f8306ac521218ceb') in 0.082796 seconds
  Import took 0.128362 seconds .

========================================================================
Received Prepare
Registering precompiled user dll's ...
Registered in 0.006814 seconds.
Begin MonoManager ReloadAssembly
Native extension for Lumin target not found
Native extension for LinuxStandalone target not found
Native extension for WindowsStandalone target not found
Native extension for OSXStandalone target not found
Native extension for WebGL target not found
Refreshing native plugins compatible for Editor in 1.74 ms, found 0 plugins.
Preloading 0 native plugins for Editor in 0.00 ms.
Mono: successfully reloaded assembly
- Completed reload, in  4.334 seconds
Platform modules already initialized, skipping
Shader 'Universal Render Pipeline/Particles/Lit': fallback shader 'Universal Render Pipeline/Particles/SimpleLit' not found
Refreshing native plugins compatible for Editor in 1.34 ms, found 0 plugins.
Preloading 0 native plugins for Editor in 0.00 ms.
Unloading 2313 Unused Serialized files (Serialized files now loaded: 0)
System memory in use before: 113.1 MB.
System memory in use after: 113.3 MB.

Unloading 5 unused Assets to reduce memory usage. Loaded Objects now: 2950.
Total: 5.869200 ms (FindLiveObjects: 0.739100 ms CreateObjectMapping: 0.288000 ms MarkObjects: 4.791800 ms  DeleteObjects: 0.046000 ms)

========================================================================
Received Import Request.
  Time since last request: 3532.026784 seconds.
  path: Assets/Scripts/Brick.cs
  artifactKey: Guid(4ae693949f13e78488ec36319c04419f) Importer(815301076,1909f56bfc062723c751e8b465ee728b)
Start importing Assets/Scripts/Brick.cs using Guid(4ae693949f13e78488ec36319c04419f) Importer(815301076,1909f56bfc062723c751e8b465ee728b)  -> (artifact id: '1908fb324eae25f2186320a8ed508b90') in 0.130152 seconds
  Import took 0.153127 seconds .

========================================================================
Received Import Request.
  Time since last request: 0.000765 seconds.
  path: Assets/Scripts/Brick.cs
  artifactKey: Guid(4ae693949f13e78488ec36319c04419f) Importer(815301076,1909f56bfc062723c751e8b465ee728b)
Start importing Assets/Scripts/Brick.cs using Guid(4ae693949f13e78488ec36319c04419f) Importer(815301076,1909f56bfc062723c751e8b465ee728b)  -> (artifact id: '1908fb324eae25f2186320a8ed508b90') in 0.065806 seconds
  Import took 0.101803 seconds .

========================================================================
Received Import Request.
  Time since last request: 259.877316 seconds.
  path: Assets/Scripts/Brick.cs
  artifactKey: Guid(4ae693949f13e78488ec36319c04419f) Importer(815301076,1909f56bfc062723c751e8b465ee728b)
Start importing Assets/Scripts/Brick.cs using Guid(4ae693949f13e78488ec36319c04419f) Importer(815301076,1909f56bfc062723c751e8b465ee728b)  -> (artifact id: '40e3dbf3a4a5867c09d9843f8085473a') in 0.026483 seconds
  Import took 0.041993 seconds .

========================================================================
Received Import Request.
  Time since last request: 44.041943 seconds.
  path: Assets/Scripts/Brick.cs
  artifactKey: Guid(4ae693949f13e78488ec36319c04419f) Importer(815301076,1909f56bfc062723c751e8b465ee728b)
Start importing Assets/Scripts/Brick.cs using Guid(4ae693949f13e78488ec36319c04419f) Importer(815301076,1909f56bfc062723c751e8b465ee728b)  -> (artifact id: '29e76dd60447ee32b53e16c51e90323c') in 0.031021 seconds
  Import took 0.043797 seconds .

========================================================================
Received Prepare
Registering precompiled user dll's ...
Registered in 0.008543 seconds.
Begin MonoManager ReloadAssembly
Native extension for Lumin target not found
Native extension for LinuxStandalone target not found
Native extension for WindowsStandalone target not found
Native extension for OSXStandalone target not found
Native extension for WebGL target not found
Refreshing native plugins compatible for Editor in 1.10 ms, found 0 plugins.
Preloading 0 native plugins for Editor in 0.00 ms.
Mono: successfully reloaded assembly
- Completed reload, in  3.866 seconds
Platform modules already initialized, skipping
Shader 'Universal Render Pipeline/Particles/Lit': fallback shader 'Universal Render Pipeline/Particles/SimpleLit' not found
Refreshing native plugins compatible for Editor in 1.28 ms, found 0 plugins.
Preloading 0 native plugins for Editor in 0.00 ms.
Unloading 2313 Unused Serialized files (Serialized files now loaded: 0)
System memory in use before: 113.1 MB.
System memory in use after: 113.3 MB.

Unloading 5 unused Assets to reduce memory usage. Loaded Objects now: 2953.
Total: 8.314600 ms (FindLiveObjects: 0.745300 ms CreateObjectMapping: 0.348200 ms MarkObjects: 7.159300 ms  DeleteObjects: 0.057200 ms)

========================================================================
Received Import Request.
  Time since last request: 231.493084 seconds.
  path: Assets/Scripts/DeathZone.cs
  artifactKey: Guid(ee19acfba77e9084fb4ce7ee7ff9e3d6) Importer(815301076,1909f56bfc062723c751e8b465ee728b)
Start importing Assets/Scripts/DeathZone.cs using Guid(ee19acfba77e9084fb4ce7ee7ff9e3d6) Importer(815301076,1909f56bfc062723c751e8b465ee728b)  -> (artifact id: 'f4424a9aa3f53354c697c552c2e9d1fe') in 0.039001 seconds
  Import took 0.069223 seconds .

========================================================================
Received Import Request.
  Time since last request: 0.005986 seconds.
  path: Assets/Scripts/DeathZone.cs
  artifactKey: Guid(ee19acfba77e9084fb4ce7ee7ff9e3d6) Importer(815301076,1909f56bfc062723c751e8b465ee728b)
Start importing Assets/Scripts/DeathZone.cs using Guid(ee19acfba77e9084fb4ce7ee7ff9e3d6) Importer(815301076,1909f56bfc062723c751e8b465ee728b)  -> (artifact id: 'f4424a9aa3f53354c697c552c2e9d1fe') in 0.035172 seconds
  Import took 0.046813 seconds .

========================================================================
Received Prepare
Registering precompiled user dll's ...
Registered in 0.004919 seconds.
Begin MonoManager ReloadAssembly
Native extension for Lumin target not found
Native extension for LinuxStandalone target not found
Native extension for WindowsStandalone target not found
Native extension for OSXStandalone target not found
Native extension for WebGL target not found
Refreshing native plugins compatible for Editor in 1.05 ms, found 0 plugins.
Preloading 0 native plugins for Editor in 0.00 ms.
Mono: successfully reloaded assembly
- Completed reload, in  3.452 seconds
Platform modules already initialized, skipping
Shader 'Universal Render Pipeline/Particles/Lit': fallback shader 'Universal Render Pipeline/Particles/SimpleLit' not found
Refreshing native plugins compatible for Editor in 1.07 ms, found 0 plugins.
Preloading 0 native plugins for Editor in 0.00 ms.
Unloading 2313 Unused Serialized files (Serialized files now loaded: 0)
System memory in use before: 113.1 MB.
System memory in use after: 113.3 MB.

Unloading 5 unused Assets to reduce memory usage. Loaded Objects now: 2956.
Total: 9.080400 ms (FindLiveObjects: 0.995800 ms CreateObjectMapping: 0.558000 ms MarkObjects: 7.460000 ms  DeleteObjects: 0.061700 ms)

========================================================================
Received Import Request.
  Time since last request: 226.035983 seconds.
  path: Assets/Scripts/Paddle.cs
  artifactKey: Guid(b1c141baad4ddf14a98c290342342cf6) Importer(815301076,1909f56bfc062723c751e8b465ee728b)
Start importing Assets/Scripts/Paddle.cs using Guid(b1c141baad4ddf14a98c290342342cf6) Importer(815301076,1909f56bfc062723c751e8b465ee728b)  -> (artifact id: '6206182140a4086f553f9c09ff735af3') in 0.046566 seconds
  Import took 0.071695 seconds .

========================================================================
Received Import Request.
  Time since last request: 0.011571 seconds.
  path: Assets/Scripts/Paddle.cs
  artifactKey: Guid(b1c141baad4ddf14a98c290342342cf6) Importer(815301076,1909f56bfc062723c751e8b465ee728b)
Start importing Assets/Scripts/Paddle.cs using Guid(b1c141baad4ddf14a98c290342342cf6) Importer(815301076,1909f56bfc062723c751e8b465ee728b)  -> (artifact id: '6206182140a4086f553f9c09ff735af3') in 0.033086 seconds
  Import took 0.043459 seconds .

========================================================================
Received Import Request.
  Time since last request: 54.784013 seconds.
  path: Assets/Scripts/Paddle.cs
  artifactKey: Guid(b1c141baad4ddf14a98c290342342cf6) Importer(815301076,1909f56bfc062723c751e8b465ee728b)
Start importing Assets/Scripts/Paddle.cs using Guid(b1c141baad4ddf14a98c290342342cf6) Importer(815301076,1909f56bfc062723c751e8b465ee728b)  -> (artifact id: 'ff4b40606d95570e26be1d66ca3b83c6') in 0.110447 seconds
  Import took 0.129995 seconds .

========================================================================
Received Prepare
Registering precompiled user dll's ...
Registered in 0.007919 seconds.
Begin MonoManager ReloadAssembly
Native extension for Lumin target not found
Native extension for LinuxStandalone target not found
Native extension for WindowsStandalone target not found
Native extension for OSXStandalone target not found
Native extension for WebGL target not found
Refreshing native plugins compatible for Editor in 1.20 ms, found 0 plugins.
Preloading 0 native plugins for Editor in 0.00 ms.
Mono: successfully reloaded assembly
- Completed reload, in  3.473 seconds
Platform modules already initialized, skipping
Shader 'Universal Render Pipeline/Particles/Lit': fallback shader 'Universal Render Pipeline/Particles/SimpleLit' not found
Refreshing native plugins compatible for Editor in 1.43 ms, found 0 plugins.
Preloading 0 native plugins for Editor in 0.00 ms.
Unloading 2313 Unused Serialized files (Serialized files now loaded: 0)
System memory in use before: 113.0 MB.
System memory in use after: 113.3 MB.

Unloading 5 unused Assets to reduce memory usage. Loaded Objects now: 2959.
Total: 41.966300 ms (FindLiveObjects: 34.885800 ms CreateObjectMapping: 0.468200 ms MarkObjects: 6.552700 ms  DeleteObjects: 0.054200 ms)

========================================================================
Received Import Request.
  Time since last request: 3740.667759 seconds.
  path: Assets/Scripts/MainManager.cs
  artifactKey: Guid(d110623a642692246a42fbc2d8d89884) Importer(815301076,1909f56bfc062723c751e8b465ee728b)
Start importing Assets/Scripts/MainManager.cs using Guid(d110623a642692246a42fbc2d8d89884) Importer(815301076,1909f56bfc062723c751e8b465ee728b)  -> (artifact id: 'a4c12d143db99843455dbdee036f0e9d') in 0.041525 seconds
  Import took 0.055466 seconds .

========================================================================
Received Import Request.
  Time since last request: 199.781188 seconds.
  path: Assets/Scripts/MainManager.cs
  artifactKey: Guid(d110623a642692246a42fbc2d8d89884) Importer(815301076,1909f56bfc062723c751e8b465ee728b)
Start importing Assets/Scripts/MainManager.cs using Guid(d110623a642692246a42fbc2d8d89884) Importer(815301076,1909f56bfc062723c751e8b465ee728b)  -> (artifact id: 'fca10d38d18202208ecf9fa202498626') in 0.036495 seconds
  Import took 0.050674 seconds .

========================================================================
Received Import Request.
  Time since last request: 50.433888 seconds.
  path: Assets/Scripts/MainManager.cs
  artifactKey: Guid(d110623a642692246a42fbc2d8d89884) Importer(815301076,1909f56bfc062723c751e8b465ee728b)
Start importing Assets/Scripts/MainManager.cs using Guid(d110623a642692246a42fbc2d8d89884) Importer(815301076,1909f56bfc062723c751e8b465ee728b)  -> (artifact id: '46a24ae79c6cfb43606d62d5227c8a40') in 0.019283 seconds
  Import took 0.036695 seconds .

========================================================================
Received Import Request.
  Time since last request: 49.447429 seconds.
  path: Assets/Scripts/MainManager.cs
  artifactKey: Guid(d110623a642692246a42fbc2d8d89884) Importer(815301076,1909f56bfc062723c751e8b465ee728b)
Start importing Assets/Scripts/MainManager.cs using Guid(d110623a642692246a42fbc2d8d89884) Importer(815301076,1909f56bfc062723c751e8b465ee728b)  -> (artifact id: 'e4a030b100b8a14548dff6aa294eba4a') in 0.026400 seconds
  Import took 0.039343 seconds .

========================================================================
Received Import Request.
  Time since last request: 417.100736 seconds.
  path: Assets/Scripts/MainManager.cs
  artifactKey: Guid(d110623a642692246a42fbc2d8d89884) Importer(815301076,1909f56bfc062723c751e8b465ee728b)
Start importing Assets/Scripts/MainManager.cs using Guid(d110623a642692246a42fbc2d8d89884) Importer(815301076,1909f56bfc062723c751e8b465ee728b)  -> (artifact id: '58d9cc7830603eff4ec33d0899fa38f1') in 0.049490 seconds
  Import took 0.063146 seconds .

========================================================================
Received Import Request.
  Time since last request: 29.766956 seconds.
  path: Assets/Scripts/MainManager.cs
  artifactKey: Guid(d110623a642692246a42fbc2d8d89884) Importer(815301076,1909f56bfc062723c751e8b465ee728b)
Start importing Assets/Scripts/MainManager.cs using Guid(d110623a642692246a42fbc2d8d89884) Importer(815301076,1909f56bfc062723c751e8b465ee728b)  -> (artifact id: 'c865d156f6b8e8a11206bd1550734b0f') in 0.050506 seconds
  Import took 0.100983 seconds .

========================================================================
Received Import Request.
  Time since last request: 390.228637 seconds.
  path: Assets/Scripts/MainManager.cs
  artifactKey: Guid(d110623a642692246a42fbc2d8d89884) Importer(815301076,1909f56bfc062723c751e8b465ee728b)
Start importing Assets/Scripts/MainManager.cs using Guid(d110623a642692246a42fbc2d8d89884) Importer(815301076,1909f56bfc062723c751e8b465ee728b)  -> (artifact id: '3cca1775f7af2c92fd07f46ae4c63a00') in 0.105575 seconds
  Import took 0.139614 seconds .

========================================================================
Received Import Request.
  Time since last request: 0.022806 seconds.
  path: Assets/Scripts/MainManager.cs
  artifactKey: Guid(d110623a642692246a42fbc2d8d89884) Importer(815301076,1909f56bfc062723c751e8b465ee728b)
Start importing Assets/Scripts/MainManager.cs using Guid(d110623a642692246a42fbc2d8d89884) Importer(815301076,1909f56bfc062723c751e8b465ee728b)  -> (artifact id: '3cca1775f7af2c92fd07f46ae4c63a00') in 0.083222 seconds
  Import took 0.101271 seconds .

========================================================================
Received Import Request.
  Time since last request: 834.579414 seconds.
  path: Assets/Scripts/MainManager.cs
  artifactKey: Guid(d110623a642692246a42fbc2d8d89884) Importer(815301076,1909f56bfc062723c751e8b465ee728b)
Start importing Assets/Scripts/MainManager.cs using Guid(d110623a642692246a42fbc2d8d89884) Importer(815301076,1909f56bfc062723c751e8b465ee728b)  -> (artifact id: 'f3587cdf80d8882628c9f2f2ed826cbb') in 0.063809 seconds
  Import took 0.092958 seconds .

========================================================================
Received Import Request.
  Time since last request: 21.716922 seconds.
  path: Assets/Scripts/MainManager.cs
  artifactKey: Guid(d110623a642692246a42fbc2d8d89884) Importer(815301076,1909f56bfc062723c751e8b465ee728b)
Start importing Assets/Scripts/MainManager.cs using Guid(d110623a642692246a42fbc2d8d89884) Importer(815301076,1909f56bfc062723c751e8b465ee728b)  -> (artifact id: '54bf58110048a61269c993223fc23b71') in 0.016856 seconds
  Import took 0.026499 seconds .

========================================================================
Received Import Request.
  Time since last request: 45.529266 seconds.
  path: Assets/Scripts/MainManager.cs
  artifactKey: Guid(d110623a642692246a42fbc2d8d89884) Importer(815301076,1909f56bfc062723c751e8b465ee728b)
Start importing Assets/Scripts/MainManager.cs using Guid(d110623a642692246a42fbc2d8d89884) Importer(815301076,1909f56bfc062723c751e8b465ee728b)  -> (artifact id: '6642c62e38cd4f1c40074cebc73f4aa8') in 0.027416 seconds
  Import took 0.040294 seconds .

========================================================================
Received Prepare
Registering precompiled user dll's ...
Registered in 0.007418 seconds.
Begin MonoManager ReloadAssembly
Native extension for Lumin target not found
Native extension for LinuxStandalone target not found
Native extension for WindowsStandalone target not found
Native extension for OSXStandalone target not found
Native extension for WebGL target not found
Refreshing native plugins compatible for Editor in 1.05 ms, found 0 plugins.
Preloading 0 native plugins for Editor in 0.00 ms.
Mono: successfully reloaded assembly
- Completed reload, in  3.173 seconds
Platform modules already initialized, skipping
Shader 'Universal Render Pipeline/Particles/Lit': fallback shader 'Universal Render Pipeline/Particles/SimpleLit' not found
Refreshing native plugins compatible for Editor in 1.29 ms, found 0 plugins.
Preloading 0 native plugins for Editor in 0.00 ms.
Unloading 2313 Unused Serialized files (Serialized files now loaded: 0)
System memory in use before: 113.2 MB.
System memory in use after: 113.4 MB.

Unloading 5 unused Assets to reduce memory usage. Loaded Objects now: 2962.
Total: 7.188700 ms (FindLiveObjects: 0.661900 ms CreateObjectMapping: 0.672800 ms MarkObjects: 5.794700 ms  DeleteObjects: 0.056600 ms)

========================================================================
Received Import Request.
  Time since last request: 283.944044 seconds.
  path: Assets/Scenes
  artifactKey: Guid(b3d8a22b2eaae1048a5db3be5ce09cb2) Importer(815301076,1909f56bfc062723c751e8b465ee728b)
Start importing Assets/Scenes using Guid(b3d8a22b2eaae1048a5db3be5ce09cb2) Importer(815301076,1909f56bfc062723c751e8b465ee728b)  -> (artifact id: 'c2436d515bf46b218cc8ff835d26ba5b') in 0.082564 seconds
  Import took 0.112351 seconds .

========================================================================
Received Import Request.
  Time since last request: 21.307675 seconds.
  path: Assets/Scenes/Menu.unity
  artifactKey: Guid(7784fa8ac6110a6438f49c489326242e) Importer(815301076,1909f56bfc062723c751e8b465ee728b)
Start importing Assets/Scenes/Menu.unity using Guid(7784fa8ac6110a6438f49c489326242e) Importer(815301076,1909f56bfc062723c751e8b465ee728b)  -> (artifact id: '6966d277d6a338498bb35d1d5a67b990') in 0.288178 seconds
  Import took 0.306345 seconds .

========================================================================
Received Prepare
Registering precompiled user dll's ...
Registered in 0.004965 seconds.
Begin MonoManager ReloadAssembly
Native extension for Lumin target not found
Native extension for LinuxStandalone target not found
Native extension for WindowsStandalone target not found
Native extension for OSXStandalone target not found
Native extension for WebGL target not found
Refreshing native plugins compatible for Editor in 3.22 ms, found 0 plugins.
Preloading 0 native plugins for Editor in 0.00 ms.
Mono: successfully reloaded assembly
- Completed reload, in  8.318 seconds
Platform modules already initialized, skipping
Shader 'Universal Render Pipeline/Particles/Lit': fallback shader 'Universal Render Pipeline/Particles/SimpleLit' not found
Refreshing native plugins compatible for Editor in 1.12 ms, found 0 plugins.
Preloading 0 native plugins for Editor in 0.00 ms.
Unloading 2313 Unused Serialized files (Serialized files now loaded: 0)
System memory in use before: 113.2 MB.
System memory in use after: 113.4 MB.

Unloading 5 unused Assets to reduce memory usage. Loaded Objects now: 2965.
Total: 195.252400 ms (FindLiveObjects: 11.468800 ms CreateObjectMapping: 168.308700 ms MarkObjects: 8.724300 ms  DeleteObjects: 6.740200 ms)

========================================================================
Received Prepare
Registering precompiled user dll's ...
Registered in 0.016352 seconds.
Begin MonoManager ReloadAssembly
Native extension for Lumin target not found
Native extension for LinuxStandalone target not found
Native extension for WindowsStandalone target not found
Native extension for OSXStandalone target not found
Native extension for WebGL target not found
Refreshing native plugins compatible for Editor in 0.86 ms, found 0 plugins.
Preloading 0 native plugins for Editor in 0.00 ms.
Mono: successfully reloaded assembly
- Completed reload, in  3.324 seconds
Platform modules already initialized, skipping
Shader 'Universal Render Pipeline/Particles/Lit': fallback shader 'Universal Render Pipeline/Particles/SimpleLit' not found
Refreshing native plugins compatible for Editor in 1.08 ms, found 0 plugins.
Preloading 0 native plugins for Editor in 0.00 ms.
Unloading 2326 Unused Serialized files (Serialized files now loaded: 0)
System memory in use before: 115.3 MB.
System memory in use after: 114.9 MB.

Unloading 18 unused Assets to reduce memory usage. Loaded Objects now: 2968.
Total: 8.950300 ms (FindLiveObjects: 1.100300 ms CreateObjectMapping: 0.457800 ms MarkObjects: 6.309700 ms  DeleteObjects: 1.078600 ms)

========================================================================
Received Prepare
Registering precompiled user dll's ...
Registered in 0.006606 seconds.
Begin MonoManager ReloadAssembly
Native extension for Lumin target not found
Native extension for LinuxStandalone target not found
Native extension for WindowsStandalone target not found
Native extension for OSXStandalone target not found
Native extension for WebGL target not found
Refreshing native plugins compatible for Editor in 1.02 ms, found 0 plugins.
Preloading 0 native plugins for Editor in 0.00 ms.
Mono: successfully reloaded assembly
- Completed reload, in  4.187 seconds
Platform modules already initialized, skipping
Shader 'Universal Render Pipeline/Particles/Lit': fallback shader 'Universal Render Pipeline/Particles/SimpleLit' not found
Refreshing native plugins compatible for Editor in 1.30 ms, found 0 plugins.
Preloading 0 native plugins for Editor in 0.00 ms.
Unloading 2360 Unused Serialized files (Serialized files now loaded: 0)
System memory in use before: 116.3 MB.
System memory in use after: 115.9 MB.

Unloading 18 unused Assets to reduce memory usage. Loaded Objects now: 3005.
Total: 10.108100 ms (FindLiveObjects: 1.311800 ms CreateObjectMapping: 0.320500 ms MarkObjects: 7.061600 ms  DeleteObjects: 1.410100 ms)

========================================================================
Received Import Request.
  Time since last request: 1665.794354 seconds.
  path: Assets/Project
  artifactKey: Guid(5025c43513b1f774088f1eed280d8a3d) Importer(815301076,1909f56bfc062723c751e8b465ee728b)
Start importing Assets/Project using Guid(5025c43513b1f774088f1eed280d8a3d) Importer(815301076,1909f56bfc062723c751e8b465ee728b)  -> (artifact id: 'd4ab3a76cf459b208e66cad9fdab234b') in 0.123333 seconds
  Import took 0.164613 seconds .

========================================================================
Received Import Request.
  Time since last request: 31.309663 seconds.
  path: Assets/SceneManager.cs
  artifactKey: Guid(d7d0e7f19af134d488a2f3746f079638) Importer(815301076,1909f56bfc062723c751e8b465ee728b)
Start importing Assets/SceneManager.cs using Guid(d7d0e7f19af134d488a2f3746f079638) Importer(815301076,1909f56bfc062723c751e8b465ee728b)  -> (artifact id: '9c079ece85a5464484ba612ef86ec512') in 0.239156 seconds
  Import took 0.294801 seconds .

========================================================================
Received Prepare
Registering precompiled user dll's ...
Registered in 0.004802 seconds.
Begin MonoManager ReloadAssembly
Native extension for Lumin target not found
Native extension for LinuxStandalone target not found
Native extension for WindowsStandalone target not found
Native extension for OSXStandalone target not found
Native extension for WebGL target not found
Refreshing native plugins compatible for Editor in 1.06 ms, found 0 plugins.
Preloading 0 native plugins for Editor in 0.00 ms.
Mono: successfully reloaded assembly
- Completed reload, in  3.371 seconds
Platform modules already initialized, skipping
Shader 'Universal Render Pipeline/Particles/Lit': fallback shader 'Universal Render Pipeline/Particles/SimpleLit' not found
Refreshing native plugins compatible for Editor in 1.90 ms, found 0 plugins.
Preloading 0 native plugins for Editor in 0.00 ms.
Unloading 2360 Unused Serialized files (Serialized files now loaded: 0)
System memory in use before: 116.2 MB.
System memory in use after: 115.8 MB.

Unloading 18 unused Assets to reduce memory usage. Loaded Objects now: 3008.
Total: 13.369700 ms (FindLiveObjects: 1.332100 ms CreateObjectMapping: 2.230400 ms MarkObjects: 8.382000 ms  DeleteObjects: 1.419500 ms)

========================================================================
Received Import Request.
  Time since last request: 181.313066 seconds.
  path: Assets/Scripts/MainManager.cs
  artifactKey: Guid(d110623a642692246a42fbc2d8d89884) Importer(815301076,1909f56bfc062723c751e8b465ee728b)
Start importing Assets/Scripts/MainManager.cs using Guid(d110623a642692246a42fbc2d8d89884) Importer(815301076,1909f56bfc062723c751e8b465ee728b)  -> (artifact id: '76d7f4c39b2f0d596b80e13be029101b') in 0.067960 seconds
  Import took 0.080843 seconds .

========================================================================
Received Import Request.
  Time since last request: 0.100223 seconds.
  path: Assets/Scripts/MainManager.cs
  artifactKey: Guid(d110623a642692246a42fbc2d8d89884) Importer(815301076,1909f56bfc062723c751e8b465ee728b)
Start importing Assets/Scripts/MainManager.cs using Guid(d110623a642692246a42fbc2d8d89884) Importer(815301076,1909f56bfc062723c751e8b465ee728b)  -> (artifact id: '76d7f4c39b2f0d596b80e13be029101b') in 0.048506 seconds
  Import took 0.085685 seconds .

========================================================================
Received Import Request.
  Time since last request: 43.795196 seconds.
  path: Assets/External
  artifactKey: Guid(52ce37890cece8046b73403e5737fb94) Importer(815301076,1909f56bfc062723c751e8b465ee728b)
Start importing Assets/External using Guid(52ce37890cece8046b73403e5737fb94) Importer(815301076,1909f56bfc062723c751e8b465ee728b)  -> (artifact id: 'b404d237aed790e90dd237745e9514cc') in 0.052755 seconds
  Import took 0.079610 seconds .

========================================================================
Received Prepare
Registering precompiled user dll's ...
Registered in 0.011770 seconds.
Begin MonoManager ReloadAssembly
Native extension for Lumin target not found
Native extension for LinuxStandalone target not found
Native extension for WindowsStandalone target not found
Native extension for OSXStandalone target not found
Native extension for WebGL target not found
Refreshing native plugins compatible for Editor in 1.02 ms, found 0 plugins.
Preloading 0 native plugins for Editor in 0.00 ms.
Mono: successfully reloaded assembly
- Completed reload, in  3.212 seconds
Platform modules already initialized, skipping
Shader 'Universal Render Pipeline/Particles/Lit': fallback shader 'Universal Render Pipeline/Particles/SimpleLit' not found
Refreshing native plugins compatible for Editor in 1.34 ms, found 0 plugins.
Preloading 0 native plugins for Editor in 0.00 ms.
Unloading 2360 Unused Serialized files (Serialized files now loaded: 0)
System memory in use before: 116.3 MB.
System memory in use after: 115.9 MB.

Unloading 18 unused Assets to reduce memory usage. Loaded Objects now: 3011.
Total: 7.377900 ms (FindLiveObjects: 0.781900 ms CreateObjectMapping: 0.361900 ms MarkObjects: 5.221100 ms  DeleteObjects: 1.009800 ms)

========================================================================
Received Import Request.
  Time since last request: 63.792398 seconds.
  path: Assets/External/TextMesh Pro
  artifactKey: Guid(f54d1bd14bd3ca042bd867b519fee8cc) Importer(815301076,1909f56bfc062723c751e8b465ee728b)
Start importing Assets/External/TextMesh Pro using Guid(f54d1bd14bd3ca042bd867b519fee8cc) Importer(815301076,1909f56bfc062723c751e8b465ee728b)  -> (artifact id: '6121cc340ed628e9d5ab341dee30f1db') in 0.324676 seconds
  Import took 0.355279 seconds .

========================================================================
Received Prepare
Registering precompiled user dll's ...
Registered in 0.011095 seconds.
Begin MonoManager ReloadAssembly
Native extension for Lumin target not found
Native extension for LinuxStandalone target not found
Native extension for WindowsStandalone target not found
Native extension for OSXStandalone target not found
Native extension for WebGL target not found
Refreshing native plugins compatible for Editor in 1.14 ms, found 0 plugins.
Preloading 0 native plugins for Editor in 0.00 ms.
Mono: successfully reloaded assembly
- Completed reload, in  3.845 seconds
Platform modules already initialized, skipping
Shader 'Universal Render Pipeline/Particles/Lit': fallback shader 'Universal Render Pipeline/Particles/SimpleLit' not found
Refreshing native plugins compatible for Editor in 1.08 ms, found 0 plugins.
Preloading 0 native plugins for Editor in 0.00 ms.
Unloading 2360 Unused Serialized files (Serialized files now loaded: 0)
System memory in use before: 116.3 MB.
System memory in use after: 115.9 MB.

Unloading 18 unused Assets to reduce memory usage. Loaded Objects now: 3014.
Total: 6.871800 ms (FindLiveObjects: 0.777900 ms CreateObjectMapping: 0.234200 ms MarkObjects: 4.882000 ms  DeleteObjects: 0.973800 ms)

========================================================================
Received Prepare
Registering precompiled user dll's ...
Registered in 0.007175 seconds.
Begin MonoManager ReloadAssembly
Native extension for Lumin target not found
Native extension for LinuxStandalone target not found
Native extension for WindowsStandalone target not found
Native extension for OSXStandalone target not found
Native extension for WebGL target not found
Refreshing native plugins compatible for Editor in 1.10 ms, found 0 plugins.
Preloading 0 native plugins for Editor in 0.00 ms.
Mono: successfully reloaded assembly
- Completed reload, in  4.178 seconds
Platform modules already initialized, skipping
Shader 'Universal Render Pipeline/Particles/Lit': fallback shader 'Universal Render Pipeline/Particles/SimpleLit' not found
Refreshing native plugins compatible for Editor in 1.29 ms, found 0 plugins.
Preloading 0 native plugins for Editor in 0.00 ms.
Unloading 2360 Unused Serialized files (Serialized files now loaded: 0)
System memory in use before: 116.3 MB.
System memory in use after: 115.9 MB.

Unloading 18 unused Assets to reduce memory usage. Loaded Objects now: 3017.
Total: 7.156500 ms (FindLiveObjects: 1.087200 ms CreateObjectMapping: 0.305500 ms MarkObjects: 4.815000 ms  DeleteObjects: 0.945500 ms)

========================================================================
Received Import Request.
  Time since last request: 2689.788069 seconds.
  path: Assets/Project/Textures/arkanoid.jpg
  artifactKey: Guid(8e7b7588c980b184ebe832877a724ed8) Importer(815301076,1909f56bfc062723c751e8b465ee728b)
Start importing Assets/Project/Textures/arkanoid.jpg using Guid(8e7b7588c980b184ebe832877a724ed8) Importer(815301076,1909f56bfc062723c751e8b465ee728b)  -> (artifact id: '1608836ad84152a2adf6b574321b6ae2') in 0.228711 seconds
  Import took 0.259860 seconds .

========================================================================
Received Import Request.
  Time since last request: 22.704911 seconds.
  path: Assets/Project/Textures/arkanoid.jpg
  artifactKey: Guid(8e7b7588c980b184ebe832877a724ed8) Importer(815301076,1909f56bfc062723c751e8b465ee728b)
Start importing Assets/Project/Textures/arkanoid.jpg using Guid(8e7b7588c980b184ebe832877a724ed8) Importer(815301076,1909f56bfc062723c751e8b465ee728b)  -> (artifact id: '0e44cae3934ce61c12c3de5088c2cd05') in 0.176694 seconds
  Import took 0.195640 seconds .

========================================================================
Received Prepare
Registering precompiled user dll's ...
Registered in 0.006697 seconds.
Begin MonoManager ReloadAssembly
Native extension for Lumin target not found
Native extension for LinuxStandalone target not found
Native extension for WindowsStandalone target not found
Native extension for OSXStandalone target not found
Native extension for WebGL target not found
Refreshing native plugins compatible for Editor in 2.39 ms, found 0 plugins.
Preloading 0 native plugins for Editor in 0.00 ms.
Mono: successfully reloaded assembly
- Completed reload, in  4.453 seconds
Platform modules already initialized, skipping
Shader 'Universal Render Pipeline/Particles/Lit': fallback shader 'Universal Render Pipeline/Particles/SimpleLit' not found
Refreshing native plugins compatible for Editor in 1.14 ms, found 0 plugins.
Preloading 0 native plugins for Editor in 0.00 ms.
Unloading 2361 Unused Serialized files (Serialized files now loaded: 0)
System memory in use before: 116.4 MB.
System memory in use after: 115.9 MB.

Unloading 18 unused Assets to reduce memory usage. Loaded Objects now: 3026.
Total: 8.533200 ms (FindLiveObjects: 0.755700 ms CreateObjectMapping: 0.340700 ms MarkObjects: 6.355000 ms  DeleteObjects: 1.077200 ms)

========================================================================
Received Prepare
Registering precompiled user dll's ...
Registered in 0.008186 seconds.
Begin MonoManager ReloadAssembly
Native extension for Lumin target not found
Native extension for LinuxStandalone target not found
Native extension for WindowsStandalone target not found
Native extension for OSXStandalone target not found
Native extension for WebGL target not found
Refreshing native plugins compatible for Editor in 1.06 ms, found 0 plugins.
Preloading 0 native plugins for Editor in 0.00 ms.
Mono: successfully reloaded assembly
- Completed reload, in  3.872 seconds
Platform modules already initialized, skipping
Shader 'Universal Render Pipeline/Particles/Lit': fallback shader 'Universal Render Pipeline/Particles/SimpleLit' not found
Refreshing native plugins compatible for Editor in 1.16 ms, found 0 plugins.
Preloading 0 native plugins for Editor in 0.00 ms.
Unloading 2361 Unused Serialized files (Serialized files now loaded: 0)
System memory in use before: 116.3 MB.
System memory in use after: 115.9 MB.

Unloading 18 unused Assets to reduce memory usage. Loaded Objects now: 3029.
Total: 12.853900 ms (FindLiveObjects: 2.003400 ms CreateObjectMapping: 0.533700 ms MarkObjects: 8.879000 ms  DeleteObjects: 1.433100 ms)

========================================================================
Received Import Request.
  Time since last request: 1024.963162 seconds.
  path: Assets/Project/Scripts/MenuUIHandler.cs
  artifactKey: Guid(ecf1211853d0d5d4cbb209b5b72c8e70) Importer(815301076,1909f56bfc062723c751e8b465ee728b)
Start importing Assets/Project/Scripts/MenuUIHandler.cs using Guid(ecf1211853d0d5d4cbb209b5b72c8e70) Importer(815301076,1909f56bfc062723c751e8b465ee728b)  -> (artifact id: '2fa7fa159587bc338e76a0869b7ff653') in 0.130121 seconds
  Import took 0.294550 seconds .

========================================================================
Received Import Request.
  Time since last request: 118.446724 seconds.
  path: Assets/Project/Scripts/MenuUIHandler.cs
  artifactKey: Guid(ecf1211853d0d5d4cbb209b5b72c8e70) Importer(815301076,1909f56bfc062723c751e8b465ee728b)
Start importing Assets/Project/Scripts/MenuUIHandler.cs using Guid(ecf1211853d0d5d4cbb209b5b72c8e70) Importer(815301076,1909f56bfc062723c751e8b465ee728b)  -> (artifact id: '85a70a97211294c808db533cd90118a3') in 0.034620 seconds
  Import took 0.051246 seconds .

========================================================================
Received Import Request.
  Time since last request: 0.549337 seconds.
  path: Assets/Project/Scripts/MenuUIHandler.cs
  artifactKey: Guid(ecf1211853d0d5d4cbb209b5b72c8e70) Importer(815301076,1909f56bfc062723c751e8b465ee728b)
Start importing Assets/Project/Scripts/MenuUIHandler.cs using Guid(ecf1211853d0d5d4cbb209b5b72c8e70) Importer(815301076,1909f56bfc062723c751e8b465ee728b)  -> (artifact id: '85a70a97211294c808db533cd90118a3') in 0.084052 seconds
  Import took 0.117794 seconds .

========================================================================
Received Prepare
Registering precompiled user dll's ...
Registered in 0.005800 seconds.
Begin MonoManager ReloadAssembly
Native extension for Lumin target not found
Native extension for LinuxStandalone target not found
Native extension for WindowsStandalone target not found
Native extension for OSXStandalone target not found
Native extension for WebGL target not found
Refreshing native plugins compatible for Editor in 5.08 ms, found 0 plugins.
Preloading 0 native plugins for Editor in 0.00 ms.
Mono: successfully reloaded assembly
- Completed reload, in  4.569 seconds
Platform modules already initialized, skipping
Shader 'Universal Render Pipeline/Particles/Lit': fallback shader 'Universal Render Pipeline/Particles/SimpleLit' not found
Refreshing native plugins compatible for Editor in 1.20 ms, found 0 plugins.
Preloading 0 native plugins for Editor in 0.00 ms.
Unloading 2361 Unused Serialized files (Serialized files now loaded: 0)
System memory in use before: 116.4 MB.
System memory in use after: 116.0 MB.

Unloading 18 unused Assets to reduce memory usage. Loaded Objects now: 3032.
Total: 23.559400 ms (FindLiveObjects: 0.884800 ms CreateObjectMapping: 0.711900 ms MarkObjects: 18.645500 ms  DeleteObjects: 3.313100 ms)

========================================================================
Received Import Request.
  Time since last request: 53.958108 seconds.
  path: Assets/Project/Scripts/MenuUIHandler.cs
  artifactKey: Guid(ecf1211853d0d5d4cbb209b5b72c8e70) Importer(815301076,1909f56bfc062723c751e8b465ee728b)
Start importing Assets/Project/Scripts/MenuUIHandler.cs using Guid(ecf1211853d0d5d4cbb209b5b72c8e70) Importer(815301076,1909f56bfc062723c751e8b465ee728b)  -> (artifact id: '4bd338070fda645787d50316f9966297') in 0.054884 seconds
  Import took 0.070964 seconds .

========================================================================
Received Import Request.
  Time since last request: 0.482656 seconds.
  path: Assets/Project/Scripts/MenuUIHandler.cs
  artifactKey: Guid(ecf1211853d0d5d4cbb209b5b72c8e70) Importer(815301076,1909f56bfc062723c751e8b465ee728b)
Start importing Assets/Project/Scripts/MenuUIHandler.cs using Guid(ecf1211853d0d5d4cbb209b5b72c8e70) Importer(815301076,1909f56bfc062723c751e8b465ee728b)  -> (artifact id: '4bd338070fda645787d50316f9966297') in 0.225128 seconds
  Import took 0.247726 seconds .

========================================================================
Received Prepare
Registering precompiled user dll's ...
Registered in 0.025809 seconds.
Begin MonoManager ReloadAssembly
Native extension for Lumin target not found
Native extension for LinuxStandalone target not found
Native extension for WindowsStandalone target not found
Native extension for OSXStandalone target not found
Native extension for WebGL target not found
Refreshing native plugins compatible for Editor in 1.18 ms, found 0 plugins.
Preloading 0 native plugins for Editor in 0.00 ms.
Mono: successfully reloaded assembly
- Completed reload, in  3.683 seconds
Platform modules already initialized, skipping
Shader 'Universal Render Pipeline/Particles/Lit': fallback shader 'Universal Render Pipeline/Particles/SimpleLit' not found
Refreshing native plugins compatible for Editor in 1.38 ms, found 0 plugins.
Preloading 0 native plugins for Editor in 0.00 ms.
Unloading 2361 Unused Serialized files (Serialized files now loaded: 0)
System memory in use before: 116.4 MB.
System memory in use after: 116.0 MB.

Unloading 18 unused Assets to reduce memory usage. Loaded Objects now: 3035.
Total: 8.248900 ms (FindLiveObjects: 1.053500 ms CreateObjectMapping: 0.349300 ms MarkObjects: 5.699100 ms  DeleteObjects: 1.142600 ms)

========================================================================
Received Prepare
Registering precompiled user dll's ...
Registered in 0.007077 seconds.
Begin MonoManager ReloadAssembly
Native extension for Lumin target not found
Native extension for LinuxStandalone target not found
Native extension for WindowsStandalone target not found
Native extension for OSXStandalone target not found
Native extension for WebGL target not found
Refreshing native plugins compatible for Editor in 1.12 ms, found 0 plugins.
Preloading 0 native plugins for Editor in 0.00 ms.
Mono: successfully reloaded assembly
- Completed reload, in  4.509 seconds
Platform modules already initialized, skipping
Shader 'Universal Render Pipeline/Particles/Lit': fallback shader 'Universal Render Pipeline/Particles/SimpleLit' not found
Refreshing native plugins compatible for Editor in 1.52 ms, found 0 plugins.
Preloading 0 native plugins for Editor in 0.00 ms.
Unloading 2361 Unused Serialized files (Serialized files now loaded: 0)
System memory in use before: 116.4 MB.
System memory in use after: 116.0 MB.

Unloading 18 unused Assets to reduce memory usage. Loaded Objects now: 3038.
Total: 7.387400 ms (FindLiveObjects: 0.844500 ms CreateObjectMapping: 0.373800 ms MarkObjects: 5.150400 ms  DeleteObjects: 1.014000 ms)

========================================================================
Received Import Request.
  Time since last request: 263.676098 seconds.
  path: Assets/Project/Scenes/ArkanoidGame.unity
  artifactKey: Guid(78a510c781f19db4da14f78ebb30946a) Importer(815301076,1909f56bfc062723c751e8b465ee728b)
Start importing Assets/Project/Scenes/ArkanoidGame.unity using Guid(78a510c781f19db4da14f78ebb30946a) Importer(815301076,1909f56bfc062723c751e8b465ee728b)  -> (artifact id: '4393b4da94214e7f1ba9830f02edf2b3') in 0.081400 seconds
  Import took 0.097674 seconds .

========================================================================
Received Prepare
Registering precompiled user dll's ...
Registered in 0.006072 seconds.
Begin MonoManager ReloadAssembly
Native extension for Lumin target not found
Native extension for LinuxStandalone target not found
Native extension for WindowsStandalone target not found
Native extension for OSXStandalone target not found
Native extension for WebGL target not found
Refreshing native plugins compatible for Editor in 18.67 ms, found 0 plugins.
Preloading 0 native plugins for Editor in 0.00 ms.
Mono: successfully reloaded assembly
- Completed reload, in  6.787 seconds
Platform modules already initialized, skipping
Shader 'Universal Render Pipeline/Particles/Lit': fallback shader 'Universal Render Pipeline/Particles/SimpleLit' not found
Refreshing native plugins compatible for Editor in 1.16 ms, found 0 plugins.
Preloading 0 native plugins for Editor in 0.00 ms.
Unloading 2361 Unused Serialized files (Serialized files now loaded: 0)
System memory in use before: 116.4 MB.
System memory in use after: 116.0 MB.

Unloading 18 unused Assets to reduce memory usage. Loaded Objects now: 3041.
Total: 7.522100 ms (FindLiveObjects: 0.919800 ms CreateObjectMapping: 0.521300 ms MarkObjects: 4.990700 ms  DeleteObjects: 1.086300 ms)

========================================================================
Received Prepare
Registering precompiled user dll's ...
Registered in 0.005553 seconds.
Begin MonoManager ReloadAssembly
Native extension for Lumin target not found
Native extension for LinuxStandalone target not found
Native extension for WindowsStandalone target not found
Native extension for OSXStandalone target not found
Native extension for WebGL target not found
Refreshing native plugins compatible for Editor in 1.12 ms, found 0 plugins.
Preloading 0 native plugins for Editor in 0.00 ms.
Mono: successfully reloaded assembly
- Completed reload, in  5.677 seconds
Platform modules already initialized, skipping
Shader 'Universal Render Pipeline/Particles/Lit': fallback shader 'Universal Render Pipeline/Particles/SimpleLit' not found
Refreshing native plugins compatible for Editor in 1.33 ms, found 0 plugins.
Preloading 0 native plugins for Editor in 0.00 ms.
Unloading 2361 Unused Serialized files (Serialized files now loaded: 0)
System memory in use before: 116.3 MB.
System memory in use after: 115.9 MB.

Unloading 18 unused Assets to reduce memory usage. Loaded Objects now: 3044.
Total: 10.190100 ms (FindLiveObjects: 1.029000 ms CreateObjectMapping: 0.389800 ms MarkObjects: 7.581500 ms  DeleteObjects: 1.185900 ms)

========================================================================
Received Prepare
Registering precompiled user dll's ...
Registered in 0.004831 seconds.
Begin MonoManager ReloadAssembly
Native extension for Lumin target not found
Native extension for LinuxStandalone target not found
Native extension for WindowsStandalone target not found
Native extension for OSXStandalone target not found
Native extension for WebGL target not found
Refreshing native plugins compatible for Editor in 1.03 ms, found 0 plugins.
Preloading 0 native plugins for Editor in 0.00 ms.
Mono: successfully reloaded assembly
- Completed reload, in  3.482 seconds
Platform modules already initialized, skipping
Shader 'Universal Render Pipeline/Particles/Lit': fallback shader 'Universal Render Pipeline/Particles/SimpleLit' not found
Refreshing native plugins compatible for Editor in 0.97 ms, found 0 plugins.
Preloading 0 native plugins for Editor in 0.00 ms.
Unloading 2361 Unused Serialized files (Serialized files now loaded: 0)
System memory in use before: 116.4 MB.
System memory in use after: 116.0 MB.

Unloading 18 unused Assets to reduce memory usage. Loaded Objects now: 3047.
Total: 6.853400 ms (FindLiveObjects: 0.778200 ms CreateObjectMapping: 0.368500 ms MarkObjects: 4.739300 ms  DeleteObjects: 0.964500 ms)

========================================================================
Received Import Request.
  Time since last request: 1798.274099 seconds.
  path: Assets/Project/Scripts/ArkanoidManager.cs
  artifactKey: Guid(650b745eb68f35844a3d1a608496e942) Importer(815301076,1909f56bfc062723c751e8b465ee728b)
Start importing Assets/Project/Scripts/ArkanoidManager.cs using Guid(650b745eb68f35844a3d1a608496e942) Importer(815301076,1909f56bfc062723c751e8b465ee728b)  -> (artifact id: 'b1b3eab21b18e60fb4cecb09038cea54') in 0.451043 seconds
  Import took 0.486459 seconds .

========================================================================
Received Prepare
Registering precompiled user dll's ...
Registered in 0.006503 seconds.
Begin MonoManager ReloadAssembly
Native extension for Lumin target not found
Native extension for LinuxStandalone target not found
Native extension for WindowsStandalone target not found
Native extension for OSXStandalone target not found
Native extension for WebGL target not found
Refreshing native plugins compatible for Editor in 1.30 ms, found 0 plugins.
Preloading 0 native plugins for Editor in 0.00 ms.
Mono: successfully reloaded assembly
- Completed reload, in  4.147 seconds
Platform modules already initialized, skipping
Shader 'Universal Render Pipeline/Particles/Lit': fallback shader 'Universal Render Pipeline/Particles/SimpleLit' not found
Refreshing native plugins compatible for Editor in 1.22 ms, found 0 plugins.
Preloading 0 native plugins for Editor in 0.00 ms.
Unloading 2362 Unused Serialized files (Serialized files now loaded: 0)
System memory in use before: 116.5 MB.
System memory in use after: 116.0 MB.

Unloading 18 unused Assets to reduce memory usage. Loaded Objects now: 3051.
Total: 8.101800 ms (FindLiveObjects: 1.324700 ms CreateObjectMapping: 0.349100 ms MarkObjects: 5.260400 ms  DeleteObjects: 1.164200 ms)

========================================================================
Received Import Request.
  Time since last request: 32.643298 seconds.
  path: Assets/Project/Scripts/DataManager.cs
  artifactKey: Guid(650b745eb68f35844a3d1a608496e942) Importer(815301076,1909f56bfc062723c751e8b465ee728b)
Start importing Assets/Project/Scripts/DataManager.cs using Guid(650b745eb68f35844a3d1a608496e942) Importer(815301076,1909f56bfc062723c751e8b465ee728b)  -> (artifact id: '6bd4c4165b25cad00e891289746881ee') in 0.097160 seconds
  Import took 0.406000 seconds .

========================================================================
Received Prepare
Registering precompiled user dll's ...
Registered in 0.007276 seconds.
Begin MonoManager ReloadAssembly
Native extension for Lumin target not found
Native extension for LinuxStandalone target not found
Native extension for WindowsStandalone target not found
Native extension for OSXStandalone target not found
Native extension for WebGL target not found
Refreshing native plugins compatible for Editor in 2.95 ms, found 0 plugins.
Preloading 0 native plugins for Editor in 0.00 ms.
Mono: successfully reloaded assembly
- Completed reload, in  5.758 seconds
Platform modules already initialized, skipping
Shader 'Universal Render Pipeline/Particles/Lit': fallback shader 'Universal Render Pipeline/Particles/SimpleLit' not found
Refreshing native plugins compatible for Editor in 1.17 ms, found 0 plugins.
Preloading 0 native plugins for Editor in 0.00 ms.
Unloading 2362 Unused Serialized files (Serialized files now loaded: 0)
System memory in use before: 116.5 MB.
System memory in use after: 116.0 MB.

Unloading 18 unused Assets to reduce memory usage. Loaded Objects now: 3054.
Total: 7.997700 ms (FindLiveObjects: 0.871300 ms CreateObjectMapping: 0.355100 ms MarkObjects: 5.585200 ms  DeleteObjects: 1.182200 ms)

========================================================================
Received Import Request.
  Time since last request: 51.264747 seconds.
  path: Assets/Project/Scripts/DataManager.cs
  artifactKey: Guid(650b745eb68f35844a3d1a608496e942) Importer(815301076,1909f56bfc062723c751e8b465ee728b)
Start importing Assets/Project/Scripts/DataManager.cs using Guid(650b745eb68f35844a3d1a608496e942) Importer(815301076,1909f56bfc062723c751e8b465ee728b)  -> (artifact id: '52ff02665510a6617ce8a3515058f70e') in 0.107477 seconds
  Import took 0.123705 seconds .

========================================================================
Received Import Request.
  Time since last request: 0.976849 seconds.
  path: Assets/Project/Scripts/DataManager.cs
  artifactKey: Guid(650b745eb68f35844a3d1a608496e942) Importer(815301076,1909f56bfc062723c751e8b465ee728b)
Start importing Assets/Project/Scripts/DataManager.cs using Guid(650b745eb68f35844a3d1a608496e942) Importer(815301076,1909f56bfc062723c751e8b465ee728b)  -> (artifact id: '52ff02665510a6617ce8a3515058f70e') in 0.214211 seconds
  Import took 0.290347 seconds .

========================================================================
Received Prepare
Registering precompiled user dll's ...
Registered in 0.010988 seconds.
Begin MonoManager ReloadAssembly
Native extension for Lumin target not found
Native extension for LinuxStandalone target not found
Native extension for WindowsStandalone target not found
Native extension for OSXStandalone target not found
Native extension for WebGL target not found
Refreshing native plugins compatible for Editor in 1.16 ms, found 0 plugins.
Preloading 0 native plugins for Editor in 0.00 ms.
Mono: successfully reloaded assembly
- Completed reload, in  3.313 seconds
Platform modules already initialized, skipping
Shader 'Universal Render Pipeline/Particles/Lit': fallback shader 'Universal Render Pipeline/Particles/SimpleLit' not found
Refreshing native plugins compatible for Editor in 1.00 ms, found 0 plugins.
Preloading 0 native plugins for Editor in 0.00 ms.
Unloading 2362 Unused Serialized files (Serialized files now loaded: 0)
System memory in use before: 116.5 MB.
System memory in use after: 116.0 MB.

Unloading 18 unused Assets to reduce memory usage. Loaded Objects now: 3057.
Total: 7.041200 ms (FindLiveObjects: 0.804500 ms CreateObjectMapping: 0.391000 ms MarkObjects: 4.709900 ms  DeleteObjects: 1.130400 ms)

========================================================================
Received Import Request.
  Time since last request: 68.372286 seconds.
  path: Assets/Project/Scripts/DataManager.cs
  artifactKey: Guid(650b745eb68f35844a3d1a608496e942) Importer(815301076,1909f56bfc062723c751e8b465ee728b)
Start importing Assets/Project/Scripts/DataManager.cs using Guid(650b745eb68f35844a3d1a608496e942) Importer(815301076,1909f56bfc062723c751e8b465ee728b)  -> (artifact id: 'd69b056f7a1f8ece7edb0e640e765212') in 0.037783 seconds
  Import took 0.054936 seconds .

========================================================================
Received Import Request.
  Time since last request: 0.444194 seconds.
  path: Assets/Project/Scripts/DataManager.cs
  artifactKey: Guid(650b745eb68f35844a3d1a608496e942) Importer(815301076,1909f56bfc062723c751e8b465ee728b)
Start importing Assets/Project/Scripts/DataManager.cs using Guid(650b745eb68f35844a3d1a608496e942) Importer(815301076,1909f56bfc062723c751e8b465ee728b)  -> (artifact id: 'd69b056f7a1f8ece7edb0e640e765212') in 0.245787 seconds
  Import took 0.277376 seconds .

========================================================================
Received Prepare
Registering precompiled user dll's ...
Registered in 0.006143 seconds.
Begin MonoManager ReloadAssembly
Native extension for Lumin target not found
Native extension for LinuxStandalone target not found
Native extension for WindowsStandalone target not found
Native extension for OSXStandalone target not found
Native extension for WebGL target not found
Refreshing native plugins compatible for Editor in 1.07 ms, found 0 plugins.
Preloading 0 native plugins for Editor in 0.00 ms.
Mono: successfully reloaded assembly
- Completed reload, in  3.055 seconds
Platform modules already initialized, skipping
Shader 'Universal Render Pipeline/Particles/Lit': fallback shader 'Universal Render Pipeline/Particles/SimpleLit' not found
Refreshing native plugins compatible for Editor in 4.48 ms, found 0 plugins.
Preloading 0 native plugins for Editor in 0.00 ms.
Unloading 2362 Unused Serialized files (Serialized files now loaded: 0)
System memory in use before: 116.4 MB.
System memory in use after: 115.9 MB.

Unloading 18 unused Assets to reduce memory usage. Loaded Objects now: 3060.
Total: 8.911200 ms (FindLiveObjects: 1.128800 ms CreateObjectMapping: 0.487200 ms MarkObjects: 6.195600 ms  DeleteObjects: 1.095000 ms)

========================================================================
Received Import Request.
  Time since last request: 37.841923 seconds.
  path: Assets/Project/Scripts/DataManager.cs
  artifactKey: Guid(650b745eb68f35844a3d1a608496e942) Importer(815301076,1909f56bfc062723c751e8b465ee728b)
Start importing Assets/Project/Scripts/DataManager.cs using Guid(650b745eb68f35844a3d1a608496e942) Importer(815301076,1909f56bfc062723c751e8b465ee728b)  -> (artifact id: '460bd492e1d7f14635b78237147728e3') in 0.079044 seconds
  Import took 0.092317 seconds .

========================================================================
Received Import Request.
  Time since last request: 0.503449 seconds.
  path: Assets/Project/Scripts/DataManager.cs
  artifactKey: Guid(650b745eb68f35844a3d1a608496e942) Importer(815301076,1909f56bfc062723c751e8b465ee728b)
Start importing Assets/Project/Scripts/DataManager.cs using Guid(650b745eb68f35844a3d1a608496e942) Importer(815301076,1909f56bfc062723c751e8b465ee728b)  -> (artifact id: '460bd492e1d7f14635b78237147728e3') in 0.067729 seconds
  Import took 0.238258 seconds .

========================================================================
Received Prepare
Registering precompiled user dll's ...
Registered in 0.005989 seconds.
Begin MonoManager ReloadAssembly
Native extension for Lumin target not found
Native extension for LinuxStandalone target not found
Native extension for WindowsStandalone target not found
Native extension for OSXStandalone target not found
Native extension for WebGL target not found
Refreshing native plugins compatible for Editor in 1.04 ms, found 0 plugins.
Preloading 0 native plugins for Editor in 0.00 ms.
Mono: successfully reloaded assembly
- Completed reload, in  2.994 seconds
Platform modules already initialized, skipping
Shader 'Universal Render Pipeline/Particles/Lit': fallback shader 'Universal Render Pipeline/Particles/SimpleLit' not found
Refreshing native plugins compatible for Editor in 1.03 ms, found 0 plugins.
Preloading 0 native plugins for Editor in 0.00 ms.
Unloading 2362 Unused Serialized files (Serialized files now loaded: 0)
System memory in use before: 116.5 MB.
System memory in use after: 116.0 MB.

Unloading 18 unused Assets to reduce memory usage. Loaded Objects now: 3063.
Total: 6.570600 ms (FindLiveObjects: 0.935500 ms CreateObjectMapping: 0.255500 ms MarkObjects: 4.414800 ms  DeleteObjects: 0.960200 ms)

========================================================================
Received Import Request.
  Time since last request: 141.038516 seconds.
  path: Assets/Project/Scripts/DataManager.cs
  artifactKey: Guid(650b745eb68f35844a3d1a608496e942) Importer(815301076,1909f56bfc062723c751e8b465ee728b)
Start importing Assets/Project/Scripts/DataManager.cs using Guid(650b745eb68f35844a3d1a608496e942) Importer(815301076,1909f56bfc062723c751e8b465ee728b)  -> (artifact id: '73aa29628ac52b47430067b2676600dd') in 0.073260 seconds
  Import took 0.088617 seconds .

========================================================================
Received Import Request.
  Time since last request: 0.847076 seconds.
  path: Assets/Project/Scripts/DataManager.cs
  artifactKey: Guid(650b745eb68f35844a3d1a608496e942) Importer(815301076,1909f56bfc062723c751e8b465ee728b)
Start importing Assets/Project/Scripts/DataManager.cs using Guid(650b745eb68f35844a3d1a608496e942) Importer(815301076,1909f56bfc062723c751e8b465ee728b)  -> (artifact id: '73aa29628ac52b47430067b2676600dd') in 0.087780 seconds
  Import took 0.121141 seconds .

========================================================================
Received Prepare
Registering precompiled user dll's ...
Registered in 0.014987 seconds.
Begin MonoManager ReloadAssembly
Native extension for Lumin target not found
Native extension for LinuxStandalone target not found
Native extension for WindowsStandalone target not found
Native extension for OSXStandalone target not found
Native extension for WebGL target not found
Refreshing native plugins compatible for Editor in 1.06 ms, found 0 plugins.
Preloading 0 native plugins for Editor in 0.00 ms.
Mono: successfully reloaded assembly
- Completed reload, in  3.588 seconds
Platform modules already initialized, skipping
Shader 'Universal Render Pipeline/Particles/Lit': fallback shader 'Universal Render Pipeline/Particles/SimpleLit' not found
Refreshing native plugins compatible for Editor in 1.60 ms, found 0 plugins.
Preloading 0 native plugins for Editor in 0.00 ms.
Unloading 2362 Unused Serialized files (Serialized files now loaded: 0)
System memory in use before: 116.5 MB.
System memory in use after: 116.1 MB.

Unloading 18 unused Assets to reduce memory usage. Loaded Objects now: 3066.
Total: 8.297600 ms (FindLiveObjects: 0.854700 ms CreateObjectMapping: 0.425000 ms MarkObjects: 5.885200 ms  DeleteObjects: 1.128100 ms)

========================================================================
Received Import Request.
  Time since last request: 116.964332 seconds.
  path: Assets/Project/Scripts/DataManager.cs
  artifactKey: Guid(650b745eb68f35844a3d1a608496e942) Importer(815301076,1909f56bfc062723c751e8b465ee728b)
Start importing Assets/Project/Scripts/DataManager.cs using Guid(650b745eb68f35844a3d1a608496e942) Importer(815301076,1909f56bfc062723c751e8b465ee728b)  -> (artifact id: 'f3c7f70991cfa3970379dfa485e37241') in 0.035853 seconds
  Import took 0.047306 seconds .

========================================================================
Received Import Request.
  Time since last request: 0.527655 seconds.
  path: Assets/Project/Scripts/DataManager.cs
  artifactKey: Guid(650b745eb68f35844a3d1a608496e942) Importer(815301076,1909f56bfc062723c751e8b465ee728b)
Start importing Assets/Project/Scripts/DataManager.cs using Guid(650b745eb68f35844a3d1a608496e942) Importer(815301076,1909f56bfc062723c751e8b465ee728b)  -> (artifact id: 'f3c7f70991cfa3970379dfa485e37241') in 0.157835 seconds
  Import took 0.171254 seconds .

========================================================================
Received Prepare
Registering precompiled user dll's ...
Registered in 0.005925 seconds.
Begin MonoManager ReloadAssembly
Native extension for Lumin target not found
Native extension for LinuxStandalone target not found
Native extension for WindowsStandalone target not found
Native extension for OSXStandalone target not found
Native extension for WebGL target not found
Refreshing native plugins compatible for Editor in 1.05 ms, found 0 plugins.
Preloading 0 native plugins for Editor in 0.00 ms.
Mono: successfully reloaded assembly
- Completed reload, in  3.048 seconds
Platform modules already initialized, skipping
Shader 'Universal Render Pipeline/Particles/Lit': fallback shader 'Universal Render Pipeline/Particles/SimpleLit' not found
Refreshing native plugins compatible for Editor in 5.65 ms, found 0 plugins.
Preloading 0 native plugins for Editor in 0.00 ms.
Unloading 2362 Unused Serialized files (Serialized files now loaded: 0)
System memory in use before: 116.5 MB.
System memory in use after: 116.1 MB.

Unloading 18 unused Assets to reduce memory usage. Loaded Objects now: 3069.
Total: 12.513200 ms (FindLiveObjects: 1.009200 ms CreateObjectMapping: 1.402700 ms MarkObjects: 8.598200 ms  DeleteObjects: 1.498700 ms)

========================================================================
Received Prepare
Registering precompiled user dll's ...
Registered in 0.006176 seconds.
Begin MonoManager ReloadAssembly
Native extension for Lumin target not found
Native extension for LinuxStandalone target not found
Native extension for WindowsStandalone target not found
Native extension for OSXStandalone target not found
Native extension for WebGL target not found
Refreshing native plugins compatible for Editor in 1.11 ms, found 0 plugins.
Preloading 0 native plugins for Editor in 0.00 ms.
Mono: successfully reloaded assembly
- Completed reload, in  3.462 seconds
Platform modules already initialized, skipping
Shader 'Universal Render Pipeline/Particles/Lit': fallback shader 'Universal Render Pipeline/Particles/SimpleLit' not found
Refreshing native plugins compatible for Editor in 1.15 ms, found 0 plugins.
Preloading 0 native plugins for Editor in 0.00 ms.
Unloading 2362 Unused Serialized files (Serialized files now loaded: 0)
System memory in use before: 116.5 MB.
System memory in use after: 116.1 MB.

Unloading 18 unused Assets to reduce memory usage. Loaded Objects now: 3072.
Total: 7.391100 ms (FindLiveObjects: 0.864400 ms CreateObjectMapping: 0.410300 ms MarkObjects: 5.101500 ms  DeleteObjects: 1.010100 ms)

========================================================================
Received Prepare
Registering precompiled user dll's ...
Registered in 0.012539 seconds.
Begin MonoManager ReloadAssembly
Native extension for Lumin target not found
Native extension for LinuxStandalone target not found
Native extension for WindowsStandalone target not found
Native extension for OSXStandalone target not found
Native extension for WebGL target not found
Refreshing native plugins compatible for Editor in 1.38 ms, found 0 plugins.
Preloading 0 native plugins for Editor in 0.00 ms.
Mono: successfully reloaded assembly
- Completed reload, in  3.158 seconds
Platform modules already initialized, skipping
Shader 'Universal Render Pipeline/Particles/Lit': fallback shader 'Universal Render Pipeline/Particles/SimpleLit' not found
Refreshing native plugins compatible for Editor in 1.19 ms, found 0 plugins.
Preloading 0 native plugins for Editor in 0.00 ms.
Unloading 2362 Unused Serialized files (Serialized files now loaded: 0)
System memory in use before: 116.4 MB.
System memory in use after: 116.0 MB.

Unloading 18 unused Assets to reduce memory usage. Loaded Objects now: 3075.
Total: 7.144000 ms (FindLiveObjects: 0.727500 ms CreateObjectMapping: 0.283100 ms MarkObjects: 4.912200 ms  DeleteObjects: 1.217700 ms)

========================================================================
Received Prepare
Registering precompiled user dll's ...
Registered in 0.004873 seconds.
Begin MonoManager ReloadAssembly
Native extension for Lumin target not found
Native extension for LinuxStandalone target not found
Native extension for WindowsStandalone target not found
Native extension for OSXStandalone target not found
Native extension for WebGL target not found
Refreshing native plugins compatible for Editor in 1.38 ms, found 0 plugins.
Preloading 0 native plugins for Editor in 0.00 ms.
Mono: successfully reloaded assembly
- Completed reload, in  3.652 seconds
Platform modules already initialized, skipping
Shader 'Universal Render Pipeline/Particles/Lit': fallback shader 'Universal Render Pipeline/Particles/SimpleLit' not found
Refreshing native plugins compatible for Editor in 1.11 ms, found 0 plugins.
Preloading 0 native plugins for Editor in 0.00 ms.
Unloading 2362 Unused Serialized files (Serialized files now loaded: 0)
System memory in use before: 116.5 MB.
System memory in use after: 116.1 MB.

Unloading 18 unused Assets to reduce memory usage. Loaded Objects now: 3078.
Total: 21.287000 ms (FindLiveObjects: 1.745300 ms CreateObjectMapping: 0.802900 ms MarkObjects: 17.654400 ms  DeleteObjects: 1.079900 ms)

========================================================================
Received Prepare
Registering precompiled user dll's ...
Registered in 0.010059 seconds.
Begin MonoManager ReloadAssembly
Native extension for Lumin target not found
Native extension for LinuxStandalone target not found
Native extension for WindowsStandalone target not found
Native extension for OSXStandalone target not found
Native extension for WebGL target not found
Refreshing native plugins compatible for Editor in 1.20 ms, found 0 plugins.
Preloading 0 native plugins for Editor in 0.00 ms.
Mono: successfully reloaded assembly
- Completed reload, in  3.342 seconds
Platform modules already initialized, skipping
Shader 'Universal Render Pipeline/Particles/Lit': fallback shader 'Universal Render Pipeline/Particles/SimpleLit' not found
Refreshing native plugins compatible for Editor in 1.02 ms, found 0 plugins.
Preloading 0 native plugins for Editor in 0.00 ms.
Unloading 2362 Unused Serialized files (Serialized files now loaded: 0)
System memory in use before: 116.5 MB.
System memory in use after: 116.1 MB.

Unloading 18 unused Assets to reduce memory usage. Loaded Objects now: 3081.
Total: 6.497800 ms (FindLiveObjects: 0.674800 ms CreateObjectMapping: 0.364300 ms MarkObjects: 4.534500 ms  DeleteObjects: 0.921300 ms)

========================================================================
Received Prepare
Registering precompiled user dll's ...
Registered in 0.017347 seconds.
Begin MonoManager ReloadAssembly
Native extension for Lumin target not found
Native extension for LinuxStandalone target not found
Native extension for WindowsStandalone target not found
Native extension for OSXStandalone target not found
Native extension for WebGL target not found
Refreshing native plugins compatible for Editor in 1.14 ms, found 0 plugins.
Preloading 0 native plugins for Editor in 0.00 ms.
Mono: successfully reloaded assembly
- Completed reload, in  3.775 seconds
Platform modules already initialized, skipping
Shader 'Universal Render Pipeline/Particles/Lit': fallback shader 'Universal Render Pipeline/Particles/SimpleLit' not found
Refreshing native plugins compatible for Editor in 1.00 ms, found 0 plugins.
Preloading 0 native plugins for Editor in 0.00 ms.
Unloading 2362 Unused Serialized files (Serialized files now loaded: 0)
System memory in use before: 116.5 MB.
System memory in use after: 116.1 MB.

Unloading 18 unused Assets to reduce memory usage. Loaded Objects now: 3084.
Total: 8.500300 ms (FindLiveObjects: 0.824400 ms CreateObjectMapping: 0.497000 ms MarkObjects: 6.213600 ms  DeleteObjects: 0.957900 ms)

========================================================================
Received Prepare
Registering precompiled user dll's ...
Registered in 0.004323 seconds.
Begin MonoManager ReloadAssembly
Native extension for Lumin target not found
Native extension for LinuxStandalone target not found
Native extension for WindowsStandalone target not found
Native extension for OSXStandalone target not found
Native extension for WebGL target not found
Refreshing native plugins compatible for Editor in 1.18 ms, found 0 plugins.
Preloading 0 native plugins for Editor in 0.00 ms.
Mono: successfully reloaded assembly
- Completed reload, in  5.194 seconds
Platform modules already initialized, skipping
Shader 'Universal Render Pipeline/Particles/Lit': fallback shader 'Universal Render Pipeline/Particles/SimpleLit' not found
Refreshing native plugins compatible for Editor in 1.09 ms, found 0 plugins.
Preloading 0 native plugins for Editor in 0.00 ms.
Unloading 2362 Unused Serialized files (Serialized files now loaded: 0)
System memory in use before: 116.5 MB.
System memory in use after: 116.1 MB.

Unloading 18 unused Assets to reduce memory usage. Loaded Objects now: 3087.
Total: 12.384500 ms (FindLiveObjects: 1.128500 ms CreateObjectMapping: 0.389400 ms MarkObjects: 7.644600 ms  DeleteObjects: 3.216900 ms)

========================================================================
Received Prepare
Registering precompiled user dll's ...
Registered in 0.007004 seconds.
Begin MonoManager ReloadAssembly
Native extension for Lumin target not found
Native extension for LinuxStandalone target not found
Native extension for WindowsStandalone target not found
Native extension for OSXStandalone target not found
Native extension for WebGL target not found
Refreshing native plugins compatible for Editor in 1.19 ms, found 0 plugins.
Preloading 0 native plugins for Editor in 0.00 ms.
Mono: successfully reloaded assembly
- Completed reload, in  3.686 seconds
Platform modules already initialized, skipping
Shader 'Universal Render Pipeline/Particles/Lit': fallback shader 'Universal Render Pipeline/Particles/SimpleLit' not found
Refreshing native plugins compatible for Editor in 1.27 ms, found 0 plugins.
Preloading 0 native plugins for Editor in 0.00 ms.
Unloading 2362 Unused Serialized files (Serialized files now loaded: 0)
System memory in use before: 116.5 MB.
System memory in use after: 116.0 MB.

Unloading 18 unused Assets to reduce memory usage. Loaded Objects now: 3090.
Total: 8.674400 ms (FindLiveObjects: 1.275300 ms CreateObjectMapping: 0.575200 ms MarkObjects: 5.716800 ms  DeleteObjects: 1.102400 ms)

========================================================================
Received Prepare
Registering precompiled user dll's ...
Registered in 0.005821 seconds.
Begin MonoManager ReloadAssembly
Native extension for Lumin target not found
Native extension for LinuxStandalone target not found
Native extension for WindowsStandalone target not found
Native extension for OSXStandalone target not found
Native extension for WebGL target not found
Refreshing native plugins compatible for Editor in 1.00 ms, found 0 plugins.
Preloading 0 native plugins for Editor in 0.00 ms.
Mono: successfully reloaded assembly
- Completed reload, in  3.375 seconds
Platform modules already initialized, skipping
Shader 'Universal Render Pipeline/Particles/Lit': fallback shader 'Universal Render Pipeline/Particles/SimpleLit' not found
Refreshing native plugins compatible for Editor in 0.97 ms, found 0 plugins.
Preloading 0 native plugins for Editor in 0.00 ms.
Unloading 2362 Unused Serialized files (Serialized files now loaded: 0)
System memory in use before: 116.6 MB.
System memory in use after: 116.1 MB.

Unloading 18 unused Assets to reduce memory usage. Loaded Objects now: 3093.
Total: 7.336500 ms (FindLiveObjects: 1.032600 ms CreateObjectMapping: 0.323100 ms MarkObjects: 5.066000 ms  DeleteObjects: 0.910800 ms)

========================================================================
Received Prepare
Registering precompiled user dll's ...
Registered in 0.005071 seconds.
Begin MonoManager ReloadAssembly
Native extension for Lumin target not found
Native extension for LinuxStandalone target not found
Native extension for WindowsStandalone target not found
Native extension for OSXStandalone target not found
Native extension for WebGL target not found
Refreshing native plugins compatible for Editor in 1.09 ms, found 0 plugins.
Preloading 0 native plugins for Editor in 0.00 ms.
Mono: successfully reloaded assembly
- Completed reload, in  4.413 seconds
Platform modules already initialized, skipping
Shader 'Universal Render Pipeline/Particles/Lit': fallback shader 'Universal Render Pipeline/Particles/SimpleLit' not found
Refreshing native plugins compatible for Editor in 1.17 ms, found 0 plugins.
Preloading 0 native plugins for Editor in 0.00 ms.
Unloading 2362 Unused Serialized files (Serialized files now loaded: 0)
System memory in use before: 116.6 MB.
System memory in use after: 116.1 MB.

Unloading 18 unused Assets to reduce memory usage. Loaded Objects now: 3096.
Total: 8.605400 ms (FindLiveObjects: 1.002400 ms CreateObjectMapping: 0.432700 ms MarkObjects: 5.931800 ms  DeleteObjects: 1.232200 ms)

========================================================================
Received Prepare
Registering precompiled user dll's ...
Registered in 0.009857 seconds.
Begin MonoManager ReloadAssembly
Native extension for Lumin target not found
Native extension for LinuxStandalone target not found
Native extension for WindowsStandalone target not found
Native extension for OSXStandalone target not found
Native extension for WebGL target not found
Refreshing native plugins compatible for Editor in 2.08 ms, found 0 plugins.
Preloading 0 native plugins for Editor in 0.00 ms.
Mono: successfully reloaded assembly
- Completed reload, in  5.674 seconds
Platform modules already initialized, skipping
Shader 'Universal Render Pipeline/Particles/Lit': fallback shader 'Universal Render Pipeline/Particles/SimpleLit' not found
Refreshing native plugins compatible for Editor in 1.13 ms, found 0 plugins.
Preloading 0 native plugins for Editor in 0.00 ms.
Unloading 2362 Unused Serialized files (Serialized files now loaded: 0)
System memory in use before: 116.6 MB.
System memory in use after: 116.1 MB.

Unloading 18 unused Assets to reduce memory usage. Loaded Objects now: 3099.
Total: 7.762200 ms (FindLiveObjects: 0.831100 ms CreateObjectMapping: 0.346000 ms MarkObjects: 5.353800 ms  DeleteObjects: 1.227200 ms)

========================================================================
Received Prepare
Registering precompiled user dll's ...
Registered in 0.007474 seconds.
Begin MonoManager ReloadAssembly
Native extension for Lumin target not found
Native extension for LinuxStandalone target not found
Native extension for WindowsStandalone target not found
Native extension for OSXStandalone target not found
Native extension for WebGL target not found
Refreshing native plugins compatible for Editor in 1.15 ms, found 0 plugins.
Preloading 0 native plugins for Editor in 0.00 ms.
Mono: successfully reloaded assembly
- Completed reload, in  4.538 seconds
Platform modules already initialized, skipping
Shader 'Universal Render Pipeline/Particles/Lit': fallback shader 'Universal Render Pipeline/Particles/SimpleLit' not found
Refreshing native plugins compatible for Editor in 1.02 ms, found 0 plugins.
Preloading 0 native plugins for Editor in 0.00 ms.
Unloading 2362 Unused Serialized files (Serialized files now loaded: 0)
System memory in use before: 116.6 MB.
System memory in use after: 116.1 MB.

Unloading 18 unused Assets to reduce memory usage. Loaded Objects now: 3102.
Total: 7.023900 ms (FindLiveObjects: 0.844600 ms CreateObjectMapping: 0.349000 ms MarkObjects: 4.785200 ms  DeleteObjects: 1.040300 ms)

========================================================================
Received Prepare
Registering precompiled user dll's ...
Registered in 0.006973 seconds.
Begin MonoManager ReloadAssembly
Native extension for Lumin target not found
Native extension for LinuxStandalone target not found
Native extension for WindowsStandalone target not found
Native extension for OSXStandalone target not found
Native extension for WebGL target not found
Refreshing native plugins compatible for Editor in 1.10 ms, found 0 plugins.
Preloading 0 native plugins for Editor in 0.00 ms.
Mono: successfully reloaded assembly
- Completed reload, in  3.221 seconds
Platform modules already initialized, skipping
Shader 'Universal Render Pipeline/Particles/Lit': fallback shader 'Universal Render Pipeline/Particles/SimpleLit' not found
Refreshing native plugins compatible for Editor in 1.04 ms, found 0 plugins.
Preloading 0 native plugins for Editor in 0.00 ms.
Unloading 2362 Unused Serialized files (Serialized files now loaded: 0)
System memory in use before: 116.5 MB.
System memory in use after: 116.0 MB.

Unloading 18 unused Assets to reduce memory usage. Loaded Objects now: 3105.
Total: 6.727800 ms (FindLiveObjects: 0.690200 ms CreateObjectMapping: 0.249500 ms MarkObjects: 4.792100 ms  DeleteObjects: 0.992600 ms)

AssetImportWorkerClient::OnTransportError - code=2 error=End of file
